This is pdfTeX, Version 3.1415926-2.4-1.40.13 (TeX Live 2012) (format=pdflatex 2012.6.30)  6 JUN 2014 15:49
entering extended mode
 restricted \write18 enabled.
 file:line:error style messages enabled.
 %&-line parsing enabled.
**coastal_dynamics.tex
(./coastal_dynamics.tex
LaTeX2e <2011/06/27>
Babel <v3.8m> and hyphenation patterns for english, dumylang, nohyphenation, ge
rman-x-2012-05-30, ngerman-x-2012-05-30, afrikaans, ancientgreek, ibycus, arabi
c, armenian, basque, bulgarian, catalan, pinyin, coptic, croatian, czech, danis
h, dutch, ukenglish, usenglishmax, esperanto, estonian, ethiopic, farsi, finnis
h, french, friulan, galician, german, ngerman, swissgerman, monogreek, greek, h
ungarian, icelandic, assamese, bengali, gujarati, hindi, kannada, malayalam, ma
rathi, oriya, panjabi, tamil, telugu, indonesian, interlingua, irish, italian, 
kurmanji, latin, latvian, lithuanian, mongolian, mongolianlmc, bokmal, nynorsk,
 polish, portuguese, romanian, romansh, russian, sanskrit, serbian, serbianc, s
lovak, slovenian, spanish, swedish, turkish, turkmen, ukrainian, uppersorbian, 
welsh, loaded.
(/usr/local/texlive/2012/texmf-dist/tex/latex/base/report.cls
Document Class: report 2007/10/19 v1.4h Standard LaTeX document class
(/usr/local/texlive/2012/texmf-dist/tex/latex/base/size11.clo
File: size11.clo 2007/10/19 v1.4h Standard LaTeX file (size option)
)
\c@part=\count79
\c@chapter=\count80
\c@section=\count81
\c@subsection=\count82
\c@subsubsection=\count83
\c@paragraph=\count84
\c@subparagraph=\count85
\c@figure=\count86
\c@table=\count87
\abovecaptionskip=\skip41
\belowcaptionskip=\skip42
\bibindent=\dimen102
)
(/usr/local/texlive/2012/texmf-dist/tex/latex/graphics/graphicx.sty
Package: graphicx 1999/02/16 v1.0f Enhanced LaTeX Graphics (DPC,SPQR)

(/usr/local/texlive/2012/texmf-dist/tex/latex/graphics/keyval.sty
Package: keyval 1999/03/16 v1.13 key=value parser (DPC)
\KV@toks@=\toks14
)
(/usr/local/texlive/2012/texmf-dist/tex/latex/graphics/graphics.sty
Package: graphics 2009/02/05 v1.0o Standard LaTeX Graphics (DPC,SPQR)

(/usr/local/texlive/2012/texmf-dist/tex/latex/graphics/trig.sty
Package: trig 1999/03/16 v1.09 sin cos tan (DPC)
)
(/usr/local/texlive/2012/texmf-dist/tex/latex/latexconfig/graphics.cfg
File: graphics.cfg 2010/04/23 v1.9 graphics configuration of TeX Live
)
Package graphics Info: Driver file: pdftex.def on input line 91.

(/usr/local/texlive/2012/texmf-dist/tex/latex/pdftex-def/pdftex.def
File: pdftex.def 2011/05/27 v0.06d Graphics/color for pdfTeX

(/usr/local/texlive/2012/texmf-dist/tex/generic/oberdiek/infwarerr.sty
Package: infwarerr 2010/04/08 v1.3 Providing info/warning/error messages (HO)
)
(/usr/local/texlive/2012/texmf-dist/tex/generic/oberdiek/ltxcmds.sty
Package: ltxcmds 2011/11/09 v1.22 LaTeX kernel commands for general use (HO)
)
\Gread@gobject=\count88
))
\Gin@req@height=\dimen103
\Gin@req@width=\dimen104
)
(/usr/local/texlive/2012/texmf-dist/tex/latex/amsmath/amsmath.sty
Package: amsmath 2000/07/18 v2.13 AMS math features
\@mathmargin=\skip43

For additional information on amsmath, use the `?' option.
(/usr/local/texlive/2012/texmf-dist/tex/latex/amsmath/amstext.sty
Package: amstext 2000/06/29 v2.01

(/usr/local/texlive/2012/texmf-dist/tex/latex/amsmath/amsgen.sty
File: amsgen.sty 1999/11/30 v2.0
\@emptytoks=\toks15
\ex@=\dimen105
))
(/usr/local/texlive/2012/texmf-dist/tex/latex/amsmath/amsbsy.sty
Package: amsbsy 1999/11/29 v1.2d
\pmbraise@=\dimen106
)
(/usr/local/texlive/2012/texmf-dist/tex/latex/amsmath/amsopn.sty
Package: amsopn 1999/12/14 v2.01 operator names
)
\inf@bad=\count89
LaTeX Info: Redefining \frac on input line 211.
\uproot@=\count90
\leftroot@=\count91
LaTeX Info: Redefining \overline on input line 307.
\classnum@=\count92
\DOTSCASE@=\count93
LaTeX Info: Redefining \ldots on input line 379.
LaTeX Info: Redefining \dots on input line 382.
LaTeX Info: Redefining \cdots on input line 467.
\Mathstrutbox@=\box26
\strutbox@=\box27
\big@size=\dimen107
LaTeX Font Info:    Redeclaring font encoding OML on input line 567.
LaTeX Font Info:    Redeclaring font encoding OMS on input line 568.
\macc@depth=\count94
\c@MaxMatrixCols=\count95
\dotsspace@=\muskip10
\c@parentequation=\count96
\dspbrk@lvl=\count97
\tag@help=\toks16
\row@=\count98
\column@=\count99
\maxfields@=\count100
\andhelp@=\toks17
\eqnshift@=\dimen108
\alignsep@=\dimen109
\tagshift@=\dimen110
\tagwidth@=\dimen111
\totwidth@=\dimen112
\lineht@=\dimen113
\@envbody=\toks18
\multlinegap=\skip44
\multlinetaggap=\skip45
\mathdisplay@stack=\toks19
LaTeX Info: Redefining \[ on input line 2666.
LaTeX Info: Redefining \] on input line 2667.
)
(/usr/local/texlive/2012/texmf-dist/tex/latex/natbib/natbib.sty
Package: natbib 2010/09/13 8.31b (PWD, AO)
\bibhang=\skip46
\bibsep=\skip47
LaTeX Info: Redefining \cite on input line 694.
\c@NAT@ctr=\count101
)
(/usr/local/texlive/2012/texmf-dist/tex/latex/psnfss/palatino.sty
Package: palatino 2005/04/12 PSNFSS-v9.2a (SPQR) 
)
(/usr/local/texlive/2012/texmf-dist/tex/latex/psnfss/mathpazo.sty
Package: mathpazo 2005/04/12 PSNFSS-v9.2a Palatino w/ Pazo Math (D.Puga, WaS) 
\symupright=\mathgroup4
)
(/usr/local/texlive/2012/texmf-dist/tex/latex/preprint/fullpage.sty
Package: fullpage 1999/02/23 1.1 (PWD)
\FP@margin=\skip48
)
(/usr/local/texlive/2012/texmf-dist/tex/latex/rotating/rotating.sty
Package: rotating 2009/03/28 v2.16a rotated objects in LaTeX

(/usr/local/texlive/2012/texmf-dist/tex/latex/base/ifthen.sty
Package: ifthen 2001/05/26 v1.1c Standard LaTeX ifthen package (DPC)
)
\c@r@tfl@t=\count102
\rotFPtop=\skip49
\rotFPbot=\skip50
\rot@float@box=\box28
\rot@mess@toks=\toks20
)
(/usr/local/texlive/2012/texmf-dist/tex/latex/base/makeidx.sty
Package: makeidx 2000/03/29 v1.0m Standard LaTeX package
)
(/usr/local/texlive/2012/texmf-dist/tex/latex/listings/listings.sty
\lst@mode=\count103
\lst@gtempboxa=\box29
\lst@token=\toks21
\lst@length=\count104
\lst@currlwidth=\dimen114
\lst@column=\count105
\lst@pos=\count106
\lst@lostspace=\dimen115
\lst@width=\dimen116
\lst@newlines=\count107
\lst@lineno=\count108
\lst@maxwidth=\dimen117

(/usr/local/texlive/2012/texmf-dist/tex/latex/listings/lstmisc.sty
File: lstmisc.sty 2007/02/22 1.4 (Carsten Heinz)
\c@lstnumber=\count109
\lst@skipnumbers=\count110
\lst@framebox=\box30
)
(/usr/local/texlive/2012/texmf-dist/tex/latex/listings/listings.cfg
File: listings.cfg 2007/02/22 1.4 listings configuration
))
Package: listings 2007/02/22 1.4 (Carsten Heinz)

(/usr/local/texlive/2012/texmf-dist/tex/latex/boxedminipage/boxedminipage.sty)
(/usr/local/texlive/2012/texmf-dist/tex/latex/hyperref/hyperref.sty
Package: hyperref 2012/05/13 v6.82q Hypertext links for LaTeX

(/usr/local/texlive/2012/texmf-dist/tex/generic/oberdiek/hobsub-hyperref.sty
Package: hobsub-hyperref 2012/05/28 v1.13 Bundle oberdiek, subset hyperref (HO)


(/usr/local/texlive/2012/texmf-dist/tex/generic/oberdiek/hobsub-generic.sty
Package: hobsub-generic 2012/05/28 v1.13 Bundle oberdiek, subset generic (HO)
Package: hobsub 2012/05/28 v1.13 Construct package bundles (HO)
Package hobsub Info: Skipping package `infwarerr' (already loaded).
Package hobsub Info: Skipping package `ltxcmds' (already loaded).
Package: ifluatex 2010/03/01 v1.3 Provides the ifluatex switch (HO)
Package ifluatex Info: LuaTeX not detected.
Package: ifvtex 2010/03/01 v1.5 Detect VTeX and its facilities (HO)
Package ifvtex Info: VTeX not detected.
Package: intcalc 2007/09/27 v1.1 Expandable calculations with integers (HO)
Package: ifpdf 2011/01/30 v2.3 Provides the ifpdf switch (HO)
Package ifpdf Info: pdfTeX in PDF mode is detected.
Package: etexcmds 2011/02/16 v1.5 Avoid name clashes with e-TeX commands (HO)
Package etexcmds Info: Could not find \expanded.
(etexcmds)             That can mean that you are not using pdfTeX 1.50 or
(etexcmds)             that some package has redefined \expanded.
(etexcmds)             In the latter case, load this package earlier.
Package: kvsetkeys 2012/04/25 v1.16 Key value parser (HO)
Package: kvdefinekeys 2011/04/07 v1.3 Define keys (HO)
Package: pdftexcmds 2011/11/29 v0.20 Utility functions of pdfTeX for LuaTeX (HO
)
Package pdftexcmds Info: LuaTeX not detected.
Package pdftexcmds Info: \pdf@primitive is available.
Package pdftexcmds Info: \pdf@ifprimitive is available.
Package pdftexcmds Info: \pdfdraftmode found.
Package: pdfescape 2011/11/25 v1.13 Implements pdfTeX's escape features (HO)
Package: bigintcalc 2012/04/08 v1.3 Expandable calculations on big integers (HO
)
Package: bitset 2011/01/30 v1.1 Handle bit-vector datatype (HO)
Package: uniquecounter 2011/01/30 v1.2 Provide unlimited unique counter (HO)
)
Package hobsub Info: Skipping package `hobsub' (already loaded).
Package: letltxmacro 2010/09/02 v1.4 Let assignment for LaTeX macros (HO)
Package: hopatch 2012/05/28 v1.2 Wrapper for package hooks (HO)
Package: xcolor-patch 2011/01/30 xcolor patch
Package: atveryend 2011/06/30 v1.8 Hooks at the very end of document (HO)
Package atveryend Info: \enddocument detected (standard20110627).
Package: atbegshi 2011/10/05 v1.16 At begin shipout hook (HO)
Package: refcount 2011/10/16 v3.4 Data extraction from label references (HO)
Package: hycolor 2011/01/30 v1.7 Color options for hyperref/bookmark (HO)
)
(/usr/local/texlive/2012/texmf-dist/tex/generic/ifxetex/ifxetex.sty
Package: ifxetex 2010/09/12 v0.6 Provides ifxetex conditional
)
(/usr/local/texlive/2012/texmf-dist/tex/latex/oberdiek/kvoptions.sty
Package: kvoptions 2011/06/30 v3.11 Key value format for package options (HO)
)
\@linkdim=\dimen118
\Hy@linkcounter=\count111
\Hy@pagecounter=\count112

(/usr/local/texlive/2012/texmf-dist/tex/latex/hyperref/pd1enc.def
File: pd1enc.def 2012/05/13 v6.82q Hyperref: PDFDocEncoding definition (HO)
)
\Hy@SavedSpaceFactor=\count113

(/usr/local/texlive/2012/texmf-dist/tex/latex/latexconfig/hyperref.cfg
File: hyperref.cfg 2002/06/06 v1.2 hyperref configuration of TeXLive
)
Package hyperref Info: Option `bookmarks' set `true' on input line 3941.
Package hyperref Info: Hyper figures OFF on input line 4062.
Package hyperref Info: Link nesting OFF on input line 4067.
Package hyperref Info: Hyper index ON on input line 4070.
Package hyperref Info: Plain pages OFF on input line 4077.
Package hyperref Info: Backreferencing OFF on input line 4082.
Package hyperref Info: Implicit mode ON; LaTeX internals redefined.
Package hyperref Info: Bookmarks ON on input line 4300.
\c@Hy@tempcnt=\count114

(/usr/local/texlive/2012/texmf-dist/tex/latex/url/url.sty
\Urlmuskip=\muskip11
Package: url 2006/04/12  ver 3.3  Verb mode for urls, etc.
)
LaTeX Info: Redefining \url on input line 4653.
\Fld@menulength=\count115
\Field@Width=\dimen119
\Fld@charsize=\dimen120
Package hyperref Info: Hyper figures OFF on input line 5773.
Package hyperref Info: Link nesting OFF on input line 5778.
Package hyperref Info: Hyper index ON on input line 5781.
Package hyperref Info: backreferencing OFF on input line 5788.
Package hyperref Info: Link coloring OFF on input line 5793.
Package hyperref Info: Link coloring with OCG OFF on input line 5798.
Package hyperref Info: PDF/A mode OFF on input line 5803.
LaTeX Info: Redefining \ref on input line 5843.
LaTeX Info: Redefining \pageref on input line 5847.
\Hy@abspage=\count116
\c@Item=\count117
\c@Hfootnote=\count118
)

Package hyperref Message: Driver (autodetected): hpdftex.

(/usr/local/texlive/2012/texmf-dist/tex/latex/hyperref/hpdftex.def
File: hpdftex.def 2012/05/13 v6.82q Hyperref driver for pdfTeX
\Fld@listcount=\count119
\c@bookmark@seq@number=\count120

(/usr/local/texlive/2012/texmf-dist/tex/latex/oberdiek/rerunfilecheck.sty
Package: rerunfilecheck 2011/04/15 v1.7 Rerun checks for auxiliary files (HO)
Package uniquecounter Info: New unique counter `rerunfilecheck' on input line 2
82.
)
\Hy@SectionHShift=\skip51
)
\@indexfile=\write3
\openout3 = `coastal_dynamics.idx'.


Writing index file coastal_dynamics.idx
(./coastal_dynamics.aux)
\openout1 = `coastal_dynamics.aux'.

LaTeX Font Info:    Checking defaults for OML/cmm/m/it on input line 33.
LaTeX Font Info:    ... okay on input line 33.
LaTeX Font Info:    Checking defaults for T1/cmr/m/n on input line 33.
LaTeX Font Info:    ... okay on input line 33.
LaTeX Font Info:    Checking defaults for OT1/cmr/m/n on input line 33.
LaTeX Font Info:    ... okay on input line 33.
LaTeX Font Info:    Checking defaults for OMS/cmsy/m/n on input line 33.
LaTeX Font Info:    ... okay on input line 33.
LaTeX Font Info:    Checking defaults for OMX/cmex/m/n on input line 33.
LaTeX Font Info:    ... okay on input line 33.
LaTeX Font Info:    Checking defaults for U/cmr/m/n on input line 33.
LaTeX Font Info:    ... okay on input line 33.
LaTeX Font Info:    Checking defaults for PD1/pdf/m/n on input line 33.
LaTeX Font Info:    ... okay on input line 33.
LaTeX Font Info:    Try loading font information for OT1+ppl on input line 33.

(/usr/local/texlive/2012/texmf-dist/tex/latex/psnfss/ot1ppl.fd
File: ot1ppl.fd 2001/06/04 font definitions for OT1/ppl.
)
(/usr/local/texlive/2012/texmf-dist/tex/context/base/supp-pdf.mkii
[Loading MPS to PDF converter (version 2006.09.02).]
\scratchcounter=\count121
\scratchdimen=\dimen121
\scratchbox=\box31
\nofMPsegments=\count122
\nofMParguments=\count123
\everyMPshowfont=\toks22
\MPscratchCnt=\count124
\MPscratchDim=\dimen122
\MPnumerator=\count125
\makeMPintoPDFobject=\count126
\everyMPtoPDFconversion=\toks23
) (/usr/local/texlive/2012/texmf-dist/tex/latex/oberdiek/epstopdf-base.sty
Package: epstopdf-base 2010/02/09 v2.5 Base part for package epstopdf

(/usr/local/texlive/2012/texmf-dist/tex/latex/oberdiek/grfext.sty
Package: grfext 2010/08/19 v1.1 Manage graphics extensions (HO)
)
Package grfext Info: Graphics extension search list:
(grfext)             [.png,.pdf,.jpg,.mps,.jpeg,.jbig2,.jb2,.PNG,.PDF,.JPG,.JPE
G,.JBIG2,.JB2,.eps]
(grfext)             \AppendGraphicsExtensions on input line 452.

(/usr/local/texlive/2012/texmf-dist/tex/latex/latexconfig/epstopdf-sys.cfg
File: epstopdf-sys.cfg 2010/07/13 v1.3 Configuration of (r)epstopdf for TeX Liv
e
))
\c@lstlisting=\count127
\AtBeginShipoutBox=\box32
Package hyperref Info: Link coloring OFF on input line 33.

(/usr/local/texlive/2012/texmf-dist/tex/latex/hyperref/nameref.sty
Package: nameref 2010/04/30 v2.40 Cross-referencing by name of section

(/usr/local/texlive/2012/texmf-dist/tex/generic/oberdiek/gettitlestring.sty
Package: gettitlestring 2010/12/03 v1.4 Cleanup title references (HO)
)
\c@section@level=\count128
)
LaTeX Info: Redefining \ref on input line 33.
LaTeX Info: Redefining \pageref on input line 33.
LaTeX Info: Redefining \nameref on input line 33.

(./coastal_dynamics.out) (./coastal_dynamics.out)
\@outlinefile=\write4
\openout4 = `coastal_dynamics.out'.


(/usr/local/texlive/2012/texmf-dist/tex/latex/listings/lstlang1.sty
File: lstlang1.sty 2004/09/05 1.3 listings language file
)
LaTeX Font Info:    Font shape `OT1/ppl/bx/n' in size <20.74> not available
(Font)              Font shape `OT1/ppl/b/n' tried instead on input line 49.
LaTeX Font Info:    Font shape `OT1/ppl/bx/sc' in size <20.74> not available
(Font)              Font shape `OT1/ppl/b/sc' tried instead on input line 49.

<cover_picture.png, id=180, 2144.01pt x 1082.0425pt>
File: cover_picture.png Graphic file (type png)
 <use cover_picture.png>
Package pdftex.def Info: cover_picture.png used on input line 58.
(pdftex.def)             Requested size: 433.62pt x 218.83173pt.

Underfull \hbox (badness 10000) in paragraph at lines 62--63

 []


Underfull \hbox (badness 10000) in paragraph at lines 64--65

 []

LaTeX Font Info:    Try loading font information for OML+zplm on input line 69.

(/usr/local/texlive/2012/texmf-dist/tex/latex/psnfss/omlzplm.fd
File: omlzplm.fd 2002/09/08 Fontinst v1.914 font definitions for OML/zplm.
)
LaTeX Font Info:    Try loading font information for OMS+zplm on input line 69.


(/usr/local/texlive/2012/texmf-dist/tex/latex/psnfss/omszplm.fd
File: omszplm.fd 2002/09/08 Fontinst v1.914 font definitions for OMS/zplm.
)
LaTeX Font Info:    Try loading font information for OMX+zplm on input line 69.


(/usr/local/texlive/2012/texmf-dist/tex/latex/psnfss/omxzplm.fd
File: omxzplm.fd 2002/09/08 Fontinst v1.914 font definitions for OMX/zplm.
)
LaTeX Font Info:    Try loading font information for OT1+zplm on input line 69.


(/usr/local/texlive/2012/texmf-dist/tex/latex/psnfss/ot1zplm.fd
File: ot1zplm.fd 2002/09/08 Fontinst v1.914 font definitions for OT1/zplm.
) [1

{/usr/local/texlive/2012/texmf-var/fonts/map/pdftex/updmap/pdftex.map} <./cover
_picture.png>]
LaTeX Font Info:    Font shape `OT1/ppl/bx/n' in size <24.88> not available
(Font)              Font shape `OT1/ppl/b/n' tried instead on input line 82.
 (./coastal_dynamics.toc
LaTeX Font Info:    Font shape `OT1/ppl/bx/n' in size <10.95> not available
(Font)              Font shape `OT1/ppl/b/n' tried instead on input line 1.
 [1


])
\tf@toc=\write5
\openout5 = `coastal_dynamics.toc'.

 [2]
LaTeX Font Info:    Font shape `OT1/ppl/bx/n' in size <14.4> not available
(Font)              Font shape `OT1/ppl/b/n' tried instead on input line 86.
 [3

]
LaTeX Font Info:    Try loading font information for OT1+pcr on input line 104.


(/usr/local/texlive/2012/texmf-dist/tex/latex/psnfss/ot1pcr.fd
File: ot1pcr.fd 2001/06/04 font definitions for OT1/pcr.
)
LaTeX Font Info:    Try loading font information for OMS+ppl on input line 106.


(/usr/local/texlive/2012/texmf-dist/tex/latex/psnfss/omsppl.fd
File: omsppl.fd 
)
LaTeX Font Info:    Font shape `OMS/ppl/m/n' in size <10.95> not available
(Font)              Font shape `OMS/cmsy/m/n' tried instead on input line 106.
 [4]
Chapter 1.

Package natbib Warning: Citation `cushman.beckers:09' on page 1 undefined on in
put line 136.

<basic_coastal_domain.pdf, id=285, 700.6175pt x 413.50185pt>
File: basic_coastal_domain.pdf Graphic file (type pdf)

<use basic_coastal_domain.pdf>
Package pdftex.def Info: basic_coastal_domain.pdf used on input line 173.
(pdftex.def)             Requested size: 361.34999pt x 213.26814pt.
pdfTeX warning (ext4): destination with the same identifier (name{page.1}) has 
been already used, duplicate ignored
<to be read again> 
                   \relax 
l.178 \newpage
               [1


] [2] [3 <./basic_coastal_domain.pdf>]
./coastal_dynamics.tex:256: Undefined control sequence.
l.256 ...time-averaged pressure, $\langle p \range
                                                  _x$.  The advective terms\...
The control sequence at the end of the top line
of your error message was never \def'ed. If you have
misspelled it (e.g., `\hobx'), type `I' and the correct
spelling (e.g., `I\hbox'). Otherwise just continue,
and I'll forget about whatever was undefined.

[4] <stokes-diagram.pdf, id=359, 365.86688pt x 123.46124pt>
File: stokes-diagram.pdf Graphic file (type pdf)

<use stokes-diagram.pdf>
Package pdftex.def Info: stokes-diagram.pdf used on input line 266.
(pdftex.def)             Requested size: 361.34999pt x 121.9444pt.
 [5 <./stokes-diagram.pdf>] [6] [7] [8] [9]
Chapter 2.
[10

] [11] [12] [13] [14] <streamfunction.pdf, id=528, 417.56pt x 101.88063pt>
File: streamfunction.pdf Graphic file (type pdf)

<use streamfunction.pdf>
Package pdftex.def Info: streamfunction.pdf used on input line 562.
(pdftex.def)             Requested size: 433.62pt x 105.80565pt.
 [15 <./streamfunction.pdf>] [16] [17] [18]
<tophat.pdf, id=603, 445.84166pt x 341.82104pt>
File: tophat.pdf Graphic file (type pdf)
 <use tophat.pdf>
Package pdftex.def Info: tophat.pdf used on input line 688.
(pdftex.def)             Requested size: 361.34999pt x 277.05606pt.
 [19 <./tophat.pdf>] <APE_tophat.pdf, id=640, 304.13625pt x 184.18813pt>
File: APE_tophat.pdf Graphic file (type pdf)
 <use APE_tophat.pdf>
Package pdftex.def Info: APE_tophat.pdf used on input line 723.
(pdftex.def)             Requested size: 289.07999pt x 175.07326pt.

[20] [21 <./APE_tophat.pdf>] [22]
Overfull \hbox (11.30005pt too wide) in paragraph at lines 798--799
[]\OT1/ppl/m/n/10.95 An al-ter-nate deriva-tion ap-proach di-rectly as-sumes a 
pe-ri-odic so-lu-tion with a spec-i-fied wavenum-
 []

[23]

Package hyperref Warning: Token not allowed in a PDF string (PDFDocEncoding):
(hyperref)                removing `\\' on input line 819.


Package hyperref Warning: Token not allowed in a PDF string (PDFDocEncoding):
(hyperref)                removing `\begingroup' on input line 819.


Package hyperref Warning: Token not allowed in a PDF string (PDFDocEncoding):
(hyperref)                removing `\let' on input line 819.


Package hyperref Warning: Token not allowed in a PDF string (PDFDocEncoding):
(hyperref)                removing `\<let>-command' on input line 819.


Package hyperref Warning: Token not allowed in a PDF string (PDFDocEncoding):
(hyperref)                removing `\NAT@ctype' on input line 819.


Package hyperref Warning: Token not allowed in a PDF string (PDFDocEncoding):
(hyperref)                removing `\z@' on input line 819.


Package hyperref Warning: Token not allowed in a PDF string (PDFDocEncoding):
(hyperref)                removing `\let' on input line 819.


Package hyperref Warning: Token not allowed in a PDF string (PDFDocEncoding):
(hyperref)                removing `\new@ifnextchar' on input line 819.

<impinging-jet.pdf, id=710, 536.9089pt x 206.38203pt>
File: impinging-jet.pdf Graphic file (type pdf)
 <use impinging-jet.pdf>
Package pdftex.def Info: impinging-jet.pdf used on input line 824.
(pdftex.def)             Requested size: 469.75499pt x 180.56807pt.

[24] [25 <./impinging-jet.pdf>] [26]
LaTeX Font Info:    Font shape `OT1/pcr/m/it' in size <10> not available
(Font)              Font shape `OT1/pcr/m/sl' tried instead on input line 899.
LaTeX Font Info:    Font shape `OT1/pcr/bx/n' in size <10> not available
(Font)              Font shape `OT1/pcr/b/n' tried instead on input line 905.
LaTeX Font Info:    Font shape `OT1/ppl/bx/n' in size <12> not available
(Font)              Font shape `OT1/ppl/b/n' tried instead on input line 939.

Underfull \hbox (badness 10000) in paragraph at lines 941--942

 []

[27] [28] [29]

Package hyperref Warning: Token not allowed in a PDF string (PDFDocEncoding):
(hyperref)                removing `\\' on input line 981.


Package hyperref Warning: Token not allowed in a PDF string (PDFDocEncoding):
(hyperref)                removing `\begingroup' on input line 981.


Package hyperref Warning: Token not allowed in a PDF string (PDFDocEncoding):
(hyperref)                removing `\let' on input line 981.


Package hyperref Warning: Token not allowed in a PDF string (PDFDocEncoding):
(hyperref)                removing `\<let>-command' on input line 981.


Package hyperref Warning: Token not allowed in a PDF string (PDFDocEncoding):
(hyperref)                removing `\NAT@ctype' on input line 981.


Package hyperref Warning: Token not allowed in a PDF string (PDFDocEncoding):
(hyperref)                removing `\z@' on input line 981.


Package hyperref Warning: Token not allowed in a PDF string (PDFDocEncoding):
(hyperref)                removing `\let' on input line 981.


Package hyperref Warning: Token not allowed in a PDF string (PDFDocEncoding):
(hyperref)                removing `\new@ifnextchar' on input line 981.

[30] [31]
Overfull \hbox (2.75296pt too wide) in paragraph at lines 1024--1026
\OT1/ppl/m/n/10.95 Note, while the along-shore bal-ance is en-tirely fric-tiona
l, the cross-shore bal-ance is still geostrophic.
 []

[32] [33]

Package hyperref Warning: Token not allowed in a PDF string (PDFDocEncoding):
(hyperref)                removing `\\' on input line 1101.


Package hyperref Warning: Token not allowed in a PDF string (PDFDocEncoding):
(hyperref)                removing `\begingroup' on input line 1101.


Package hyperref Warning: Token not allowed in a PDF string (PDFDocEncoding):
(hyperref)                removing `\let' on input line 1101.


Package hyperref Warning: Token not allowed in a PDF string (PDFDocEncoding):
(hyperref)                removing `\<let>-command' on input line 1101.


Package hyperref Warning: Token not allowed in a PDF string (PDFDocEncoding):
(hyperref)                removing `\NAT@ctype' on input line 1101.


Package hyperref Warning: Token not allowed in a PDF string (PDFDocEncoding):
(hyperref)                removing `\z@' on input line 1101.


Package hyperref Warning: Token not allowed in a PDF string (PDFDocEncoding):
(hyperref)                removing `\let' on input line 1101.


Package hyperref Warning: Token not allowed in a PDF string (PDFDocEncoding):
(hyperref)                removing `\new@ifnextchar' on input line 1101.

[34] [35] [36]
Overfull \hbox (10.78506pt too wide) in paragraph at lines 1170--1171
[]\OT1/ppl/m/n/10.95 This equa-tion may be solved nu-mer-i-cally, or an-a-lyt-i
-cally for cer-tain sim-ple choices of bathymetry.
 []

[37] [38] <hydraulic.pdf, id=943, 489.83pt x 123.7955pt>
File: hydraulic.pdf Graphic file (type pdf)
 <use hydraulic.pdf>
Package pdftex.def Info: hydraulic.pdf used on input line 1263.
(pdftex.def)             Requested size: 433.62pt x 109.59206pt.

[39] <hydraulic_B-m.pdf, id=956, 578.16pt x 433.62pt>
File: hydraulic_B-m.pdf Graphic file (type pdf)
 <use hydraulic_B-m.pdf>
Package pdftex.def Info: hydraulic_B-m.pdf used on input line 1308.
(pdftex.def)             Requested size: 361.34999pt x 271.01183pt.

[40 <./hydraulic.pdf>] [41 <./hydraulic_B-m.pdf>] [42]
Chapter 3.
[43

] <reduced_gravity_variables.pdf, id=1033, 539.348pt x 245.5845pt>
File: reduced_gravity_variables.pdf Graphic file (type pdf)

<use reduced_gravity_variables.pdf>
Package pdftex.def Info: reduced_gravity_variables.pdf used on input line 1438.

(pdftex.def)             Requested size: 361.34999pt x 164.53325pt.
 [44]
<reduced_gravity_adjustment.pdf, id=1050, 308.15125pt x 171.13937pt>
File: reduced_gravity_adjustment.pdf Graphic file (type pdf)

<use reduced_gravity_adjustment.pdf>
Package pdftex.def Info: reduced_gravity_adjustment.pdf used on input line 1453
.
(pdftex.def)             Requested size: 260.27467pt x 144.54pt.
 [45 <./reduced_gravity_variables.pdf> <./reduced_gravity_adjustment.pdf>] [46]
 [47] [48] [49] [50]
Overfull \hbox (1.02328pt too wide) in paragraph at lines 1659--1661
\OT1/ppl/m/n/10.95 the re-duced grav-ity as-so-ci-ated with the den-sity dif-fe
r-ence be-tween purely fresh and purely oceanic
 []

[51] [52] <stratified_ball.pdf, id=1220, 487.8225pt x 186.6975pt>
File: stratified_ball.pdf Graphic file (type pdf)

<use stratified_ball.pdf>
Package pdftex.def Info: stratified_ball.pdf used on input line 1714.
(pdftex.def)             Requested size: 289.07999pt x 110.63486pt.
 [53 <./stratified_ball.pdf>]
LaTeX Font Info:    Font shape `OT1/ppl/bx/n' in size <9> not available
(Font)              Font shape `OT1/ppl/b/n' tried instead on input line 1784.


Package natbib Warning: Citation `cushman-roisin.beckers:11' on page 54 undefin
ed on input line 1784.

[54] <shelf_cross-section.pdf, id=1275, 471.7625pt x 254.9525pt>
File: shelf_cross-section.pdf Graphic file (type pdf)

<use shelf_cross-section.pdf>
Package pdftex.def Info: shelf_cross-section.pdf used on input line 1808.
(pdftex.def)             Requested size: 401.20157pt x 216.81pt.
 [55 <./shelf_cross-section.pdf>] [56]

Package natbib Warning: Citation `hetland:10' on page 57 undefined on input lin
e 1867.

[57] <layer_model_setup.pdf, id=1356, 252.945pt x 144.54pt>
File: layer_model_setup.pdf Graphic file (type pdf)

<use layer_model_setup.pdf>
Package pdftex.def Info: layer_model_setup.pdf used on input line 1890.
(pdftex.def)             Requested size: 379.43587pt x 216.81pt.
 [58 <./layer_model_setup.pdf>] [59]
Overfull \hbox (1.00146pt too wide) in paragraph at lines 1958--1959
\OT1/ppl/m/n/10.95 smokestacks and in-dus-trial out-falls; a re-cent clas-si-fi
-ca-tion and re-view of engineering-/scale plumes
 []

[60]

Package natbib Warning: Citation `horner-devine.ea:08' on page 61 undefined on 
input line 1962.


Package natbib Warning: Citation `horner-devine.ea:08' on page 61 undefined on 
input line 1964.

[61]

Package natbib Warning: Citation `hetland:05b' on page 62 undefined on input li
ne 1990.

Missing character: There is no â in font pplr7t!
Missing character: There is no € in font pplr7t!
Missing character: There is no ˜ in font pplr7t!
Missing character: There is no â in font pplr7t!
Missing character: There is no € in font pplr7t!
Missing character: There is no ™ in font pplr7t!
[62] [63] [64] [65]
Chapter 4.
[66

] [67] [68]
Chapter 5.
[69

] [70] <ideal1.pdf, id=1623, 361.35pt x 216.81pt>
File: ideal1.pdf Graphic file (type pdf)
 <use ideal1.pdf>
Package pdftex.def Info: ideal1.pdf used on input line 2195.
(pdftex.def)             Requested size: 209.58255pt x 125.74988pt.

<ideal2.pdf, id=1624, 361.35pt x 216.81pt>
File: ideal2.pdf Graphic file (type pdf)
 <use ideal2.pdf>
Package pdftex.def Info: ideal2.pdf used on input line 2196.
(pdftex.def)             Requested size: 209.58255pt x 125.74988pt.
 [71

 <./ideal1.pdf> <./ideal2.pdf

pdfTeX warning: pdflatex (file ./ideal2.pdf): PDF inclusion: multiple pdfs with
 page group included in a single page
>] <kelvin-vs-jet_adjustment.pdf, id=1685, 701.23082pt x 191.32579pt>
File: kelvin-vs-jet_adjustment.pdf Graphic file (type pdf)

<use kelvin-vs-jet_adjustment.pdf>
Package pdftex.def Info: kelvin-vs-jet_adjustment.pdf used on input line 2215.
(pdftex.def)             Requested size: 469.75499pt x 128.17009pt.
 [72

 <./kelvin-vs-jet_adjustment.pdf>]
[73

] [74

] (./coastal_dynamics.bbl
./coastal_dynamics.bbl:64: Misplaced alignment tab character &.
l.64 \newblock John Wiley &
                            Sons Ltd.
I can't figure out why you would want to use a tab mark
here. If you just want an ampersand, the remedy is
simple: Just type `I\&' now. But if some right brace
up above has ended a previous alignment prematurely,
you're probably due for more error messages, and you
might try typing `S' now just to see what is salvageable.

[75


] [76] [77]) [78] (./coastal_dynamics.ind [79



])

Package natbib Warning: There were undefined citations.

Package atveryend Info: Empty hook `BeforeClearDocument' on input line 2302.
Package atveryend Info: Empty hook `AfterLastShipout' on input line 2302.
(./coastal_dynamics.aux)
Package atveryend Info: Executing hook `AtVeryEndDocument' on input line 2302.
Package atveryend Info: Executing hook `AtEndAfterFileList' on input line 2302.

Package rerunfilecheck Info: File `coastal_dynamics.out' has not changed.
(rerunfilecheck)             Checksum: BFBCD131071AD88987D2351821EB554A;3200.
Package atveryend Info: Empty hook `AtVeryVeryEnd' on input line 2302.
 ) 
Here is how much of TeX's memory you used:
 8630 strings out of 493488
 126062 string characters out of 3141326
 272876 words of memory out of 3000000
 11168 multiletter control sequences out of 15000+200000
 45923 words of font info for 124 fonts, out of 3000000 for 9000
 957 hyphenation exceptions out of 8191
 29i,15n,40p,1666b,1123s stack positions out of 5000i,500n,10000p,200000b,50000s
{/usr/local/texlive/2012/texmf-dist/fonts/enc/dvips/base/8r.enc}</usr/local/t
exlive/2012/texmf-dist/fonts/type1/public/amsfonts/cm/cmex10.pfb></usr/local/te
xlive/2012/texmf-dist/fonts/type1/public/amsfonts/cm/cmmi10.pfb></usr/local/tex
live/2012/texmf-dist/fonts/type1/public/amsfonts/cm/cmr10.pfb></usr/local/texli
ve/2012/texmf-dist/fonts/type1/public/amsfonts/cm/cmsy10.pfb></usr/local/texliv
e/2012/texmf-dist/fonts/type1/public/mathpazo/fplmb.pfb></usr/local/texlive/201
2/texmf-dist/fonts/type1/public/mathpazo/fplmr.pfb></usr/local/texlive/2012/tex
mf-dist/fonts/type1/public/mathpazo/fplmri.pfb></usr/local/texlive/2012/texmf-d
ist/fonts/type1/urw/courier/ucrb8a.pfb></usr/local/texlive/2012/texmf-dist/font
s/type1/urw/courier/ucrr8a.pfb></usr/local/texlive/2012/texmf-dist/fonts/type1/
urw/courier/ucrro8a.pfb></usr/local/texlive/2012/texmf-dist/fonts/type1/urw/pal
atino/uplb8a.pfb></usr/local/texlive/2012/texmf-dist/fonts/type1/urw/palatino/u
plr8a.pfb></usr/local/texlive/2012/texmf-dist/fonts/type1/urw/palatino/uplri8a.
pfb>
Output written on coastal_dynamics.pdf (84 pages, 8277789 bytes).
PDF statistics:
 1966 PDF objects out of 2073 (max. 8388607)
 1632 compressed objects within 17 object streams
 595 named destinations out of 1000 (max. 500000)
 438 words of extra memory for PDF output out of 10000 (max. 10000000)

