\BOOKMARK [0][-]{chapter.1}{Introduction}{}% 1
\BOOKMARK [1][-]{section.1.1}{Variable and coordinate system definitions.}{chapter.1}% 2
\BOOKMARK [1][-]{section.1.2}{The equations of motion}{chapter.1}% 3
\BOOKMARK [1][-]{section.1.3}{Eulerian vs. Lagrangian flow}{chapter.1}% 4
\BOOKMARK [1][-]{section.1.4}{The advective terms}{chapter.1}% 5
\BOOKMARK [1][-]{section.1.5}{Scales and non-dimensional numbers}{chapter.1}% 6
\BOOKMARK [0][-]{chapter.2}{Barotropic flow}{}% 7
\BOOKMARK [1][-]{section.2.1}{The hydrostatic balance}{chapter.2}% 8
\BOOKMARK [1][-]{section.2.2}{The inviscid shallow water equations}{chapter.2}% 9
\BOOKMARK [1][-]{section.2.3}{Geostrophic flow}{chapter.2}% 10
\BOOKMARK [1][-]{section.2.4}{Potential vorticity}{chapter.2}% 11
\BOOKMARK [1][-]{section.2.5}{The Adjustment Problem}{chapter.2}% 12
\BOOKMARK [1][-]{section.2.6}{The Kelvin Wave}{chapter.2}% 13
\BOOKMARK [1][-]{section.2.7}{Divergence : Curl :: Waves : Vorticity}{chapter.2}% 14
\BOOKMARK [1][-]{section.2.8}{A jet impinging on a coastal wall whitehead:85}{chapter.2}% 15
\BOOKMARK [1][-]{section.2.9}{Frictional effects on vorticity}{chapter.2}% 16
\BOOKMARK [1][-]{section.2.10}{The Arrested Topographic Wave csanady:78}{chapter.2}% 17
\BOOKMARK [1][-]{section.2.11}{Wind-forced Kelvin wave}{chapter.2}% 18
\BOOKMARK [1][-]{section.2.12}{Continental Shelf Waves gill.schumann:74}{chapter.2}% 19
\BOOKMARK [1][-]{section.2.13}{Hydraulic control}{chapter.2}% 20
\BOOKMARK [0][-]{chapter.3}{Baroclinic Flow}{}% 21
\BOOKMARK [1][-]{section.3.1}{The reduced gravity layer model}{chapter.3}% 22
\BOOKMARK [1][-]{section.3.2}{Baroclinic flow in a channel}{chapter.3}% 23
\BOOKMARK [1][-]{section.3.3}{Estuarine circulation}{chapter.3}% 24
\BOOKMARK [1][-]{section.3.4}{Internal waves}{chapter.3}% 25
\BOOKMARK [1][-]{section.3.5}{Coastally-trapped waves}{chapter.3}% 26
\BOOKMARK [1][-]{section.3.6}{River plumes}{chapter.3}% 27
\BOOKMARK [2][-]{subsection.3.6.1}{River plume classification}{section.3.6}% 28
\BOOKMARK [1][-]{section.3.7}{Bottom-advected flows}{chapter.3}% 29
\BOOKMARK [1][-]{section.3.8}{Slippery bottom boundary conditions}{chapter.3}% 30
\BOOKMARK [0][-]{chapter.4}{Turbulence and Mixing}{}% 31
\BOOKMARK [1][-]{section.4.1}{Stratified turbulence and mixing}{chapter.4}% 32
\BOOKMARK [1][-]{section.4.2}{Unstratified turbulence and drag}{chapter.4}% 33
\BOOKMARK [1][-]{section.4.3}{Reynolds averaging}{chapter.4}% 34
\BOOKMARK [1][-]{section.4.4}{The log-layer}{chapter.4}% 35
\BOOKMARK [1][-]{section.4.5}{Shear mixing}{chapter.4}% 36
\BOOKMARK [0][-]{chapter.5}{Problems}{}% 37
\BOOKMARK [1][-]{section.5.1}{Taylor-Proudman theory, revisited}{chapter.5}% 38
\BOOKMARK [1][-]{section.5.2}{Zero PV eddy}{chapter.5}% 39
\BOOKMARK [1][-]{section.5.3}{Topographic control of geostrophic flow}{chapter.5}% 40
\BOOKMARK [1][-]{section.5.4}{Comparison of linear adjustment and non-linear jet solutions}{chapter.5}% 41
\BOOKMARK [1][-]{section.5.5}{Wind-forced Kelvin wave over a uniformly sloping bottom}{chapter.5}% 42
\BOOKMARK [1][-]{section.5.6}{Wind-forced Kelvin wave with bottom friction}{chapter.5}% 43
\BOOKMARK [1][-]{section.5.7}{Non-rotating waves in a stratified flow.}{chapter.5}% 44
